<?xml version="1.0" encoding="UTF-8"?>
<testng-results ignored="0" total="1" passed="1" failed="0" skipped="0">
  <reporter-output>
  </reporter-output>
  <suite started-at="2023-11-26T10:24:11 IST" name="Default suite" finished-at="2023-11-26T10:24:47 IST" duration-ms="36466">
    <groups>
    </groups>
    <test started-at="2023-11-26T10:24:11 IST" name="Default test" finished-at="2023-11-26T10:24:47 IST" duration-ms="36466">
      <class name="Testpkg.AutomationTest">
        <test-method is-config="true" signature="setUp()[pri:0, instance:Testpkg.AutomationTest@7b36aa0c]" started-at="2023-11-26T10:24:11 IST" name="setUp" finished-at="2023-11-26T10:24:15 IST" duration-ms="4471" status="PASS">
          <reporter-output>
          </reporter-output>
        </test-method> <!-- setUp -->
        <test-method signature="test()[pri:0, instance:Testpkg.AutomationTest@7b36aa0c]" started-at="2023-11-26T10:24:15 IST" name="test" finished-at="2023-11-26T10:24:47 IST" duration-ms="31917" status="PASS">
          <reporter-output>
          </reporter-output>
        </test-method> <!-- test -->
      </class> <!-- Testpkg.AutomationTest -->
    </test> <!-- Default test -->
  </suite> <!-- Default suite -->
</testng-results>
